<?xml version="1.0" encoding="UTF-8"?>
<testng-results skipped="0" failed="0" total="1" passed="1">
  <reporter-output>
  </reporter-output>
  <suite name="TestSuite" duration-ms="8491" started-at="2021-08-28T21:39:57Z" finished-at="2021-08-28T21:40:06Z">
    <groups>
    </groups>
    <test name="ExpediaSearchPage" duration-ms="8491" started-at="2021-08-28T21:39:57Z" finished-at="2021-08-28T21:40:06Z">
      <class name="testClasses.TestAzureCloud">
        <test-method status="PASS" signature="testAzureCloud()[pri:0, instance:testClasses.TestAzureCloud@49e4cb85]" name="testAzureCloud" duration-ms="8470" started-at="2021-08-28T17:39:57Z" finished-at="2021-08-28T17:40:06Z">
          <reporter-output>
          </reporter-output>
        </test-method> <!-- testAzureCloud -->
      </class> <!-- testClasses.TestAzureCloud -->
    </test> <!-- ExpediaSearchPage -->
  </suite> <!-- TestSuite -->
</testng-results>
